<?xml version="1.0" encoding="UTF-8"?>
<!-- Generated by org.testng.reporters.JUnitReportReporter -->
<testsuite skipped="0" hostname="DESKTOP-SO7N4NU" name="testng.Mnc" tests="3" failures="0" timestamp="2020-12-17T19:31:44 IST" time="90.593" errors="0">
  <testcase name="ibm" time="40.648" classname="testng.Mnc"/>
  <system-out/>
  <testcase name="oracle" time="29.345" classname="testng.Mnc"/>
  <system-out/>
  <testcase name="microsoft" time="20.600" classname="testng.Mnc"/>
  <system-out/>
</testsuite> <!-- testng.Mnc -->
