<?xml version="1.0" encoding="UTF-8"?>
<!-- Generated by org.testng.reporters.JUnitReportReporter -->
<testsuite skipped="0" hostname="DESKTOP-SO7N4NU" name="login.Ecomm" tests="1" failures="0" timestamp="2020-12-20T14:32:08 IST" time="21.493" errors="0">
  <testcase name="login" time="21.493" classname="login.Ecomm"/>
  <system-out/>
</testsuite> <!-- login.Ecomm -->
