<?xml version="1.0" encoding="UTF-8"?>
<!-- Generated by org.testng.reporters.JUnitReportReporter -->
<testsuite skipped="0" hostname="DESKTOP-SO7N4NU" name="testng.Mail" tests="3" failures="0" timestamp="2020-12-17T19:31:44 IST" time="129.769" errors="0">
  <testcase name="gmail" time="23.762" classname="testng.Mail"/>
  <system-out/>
  <testcase name="yahoo" time="85.030" classname="testng.Mail"/>
  <system-out/>
  <testcase name="outlook" time="20.977" classname="testng.Mail"/>
  <system-out/>
</testsuite> <!-- testng.Mail -->
